Time
#
Log Message
8.5s	1	0.00s - Debugger warning: It seems that frozen modules are being used, which may
8.5s	2	0.00s - make the debugger miss breakpoints. Please pass -Xfrozen_modules=off
8.5s	3	0.00s - to python to disable frozen modules.
8.5s	4	0.00s - Note: Debugging will proceed. Set PYDEVD_DISABLE_FILE_VALIDATION=1 to disable this validation.
9.3s	5	0.00s - Debugger warning: It seems that frozen modules are being used, which may
9.3s	6	0.00s - make the debugger miss breakpoints. Please pass -Xfrozen_modules=off
9.3s	7	0.00s - to python to disable frozen modules.
9.3s	8	0.00s - Note: Debugging will proceed. Set PYDEVD_DISABLE_FILE_VALIDATION=1 to disable this validation.
11.9s	9	/kaggle/input/competitions/scu-5th-ai-competition/sample_submission.csv
11.9s	10	/kaggle/input/competitions/scu-5th-ai-competition/seoul_real_estate_test.csv
11.9s	11	/kaggle/input/competitions/scu-5th-ai-competition/seoul_real_estate_train.csv
25.4s	12	==================================================
25.4s	13	[1/3] CatBoost Optuna 튜닝 (100 trials)
25.4s	14	==================================================
857.3s	15	
857.3s	16	CatBoost 최적 RMSE: 2,277
857.3s	17	
857.3s	18	CatBoost 최종 5-Fold CV:
858.9s	19	  Fold 1/5 → RMSE: 2,671
861.3s	20	  Fold 2/5 → RMSE: 2,276
863.2s	21	  Fold 3/5 → RMSE: 1,995
865.1s	22	  Fold 4/5 → RMSE: 2,395
867.6s	23	  Fold 5/5 → RMSE: 1,974
867.6s	24	  OOF RMSE: 2,277
867.6s	25	
867.6s	26	==================================================
867.6s	27	[2/3] LightGBM Optuna 튜닝 (100 trials)
867.6s	28	==================================================
1007.5s	29	
1007.5s	30	LightGBM 최적 RMSE: 2,303
1007.5s	31	
1007.5s	32	LightGBM 최종 5-Fold CV:
1007.8s	33	  Fold 1/5 → RMSE: 2,677
1008.0s	34	  Fold 2/5 → RMSE: 2,285
1008.2s	35	  Fold 3/5 → RMSE: 2,167
1008.2s	36	  Fold 4/5 → RMSE: 2,349
1008.4s	37	  Fold 5/5 → RMSE: 1,981
1008.4s	38	  OOF RMSE: 2,303
1008.4s	39	
1008.4s	40	==================================================
1008.4s	41	[3/3] 최적 블렌딩
1008.4s	42	==================================================
1008.4s	43	CatBoost  가중치: 60%
1008.4s	44	LightGBM 가중치: 40%
1008.4s	45	블렌딩 OOF RMSE: 2,247
1008.4s	46	
1008.4s	47	제출 파일 저장 완료: /kaggle/working/submission.csv
1012.4s	48	/usr/local/lib/python3.12/dist-packages/mistune.py:435: SyntaxWarning: invalid escape sequence '\|'
1012.4s	49	  cells[i][c] = re.sub('\\\\\|', '|', cell)
1012.6s	50	/usr/local/lib/python3.12/dist-packages/nbconvert/filters/filter_links.py:36: SyntaxWarning: invalid escape sequence '\_'
1012.6s	51	  text = re.sub(r'_', '\_', text) # Escape underscores in display text
1013.5s	52	[NbConvertApp] Converting notebook __notebook__.ipynb to notebook
1013.9s	53	[NbConvertApp] Writing 39380 bytes to __notebook__.ipynb
1017.2s	54	[NbConvertApp] Converting notebook __notebook__.ipynb to html
1018.3s	55	[NbConvertApp] Writing 347263 bytes to __results__.html