Time
#
Log Message
12.4s	1	0.00s - Debugger warning: It seems that frozen modules are being used, which may
12.4s	2	0.00s - make the debugger miss breakpoints. Please pass -Xfrozen_modules=off
12.4s	3	0.00s - to python to disable frozen modules.
12.4s	4	0.00s - Note: Debugging will proceed. Set PYDEVD_DISABLE_FILE_VALIDATION=1 to disable this validation.
13.4s	5	0.00s - Debugger warning: It seems that frozen modules are being used, which may
13.4s	6	0.00s - make the debugger miss breakpoints. Please pass -Xfrozen_modules=off
13.4s	7	0.00s - to python to disable frozen modules.
13.4s	8	0.00s - Note: Debugging will proceed. Set PYDEVD_DISABLE_FILE_VALIDATION=1 to disable this validation.
16.8s	9	/kaggle/input/competitions/scu-5th-ai-competition/sample_submission.csv
16.8s	10	/kaggle/input/competitions/scu-5th-ai-competition/seoul_real_estate_test.csv
16.8s	11	/kaggle/input/competitions/scu-5th-ai-competition/seoul_real_estate_train.csv
16.8s	12	/kaggle/input/notebooks/haniboson/notebook4d1f91ef46/__results__.html
16.8s	13	/kaggle/input/notebooks/haniboson/notebook4d1f91ef46/submission.csv
16.8s	14	/kaggle/input/notebooks/haniboson/notebook4d1f91ef46/__notebook__.ipynb
16.8s	15	/kaggle/input/notebooks/haniboson/notebook4d1f91ef46/__output__.json
16.8s	16	/kaggle/input/notebooks/haniboson/notebook4d1f91ef46/custom.css
16.8s	17	/kaggle/input/notebooks/haniboson/notebook4d1f91ef46/catboost_info/test_error.tsv
16.8s	18	/kaggle/input/notebooks/haniboson/notebook4d1f91ef46/catboost_info/learn_error.tsv
16.8s	19	/kaggle/input/notebooks/haniboson/notebook4d1f91ef46/catboost_info/catboost_training.json
16.8s	20	/kaggle/input/notebooks/haniboson/notebook4d1f91ef46/catboost_info/time_left.tsv
16.8s	21	/kaggle/input/notebooks/haniboson/notebook4d1f91ef46/catboost_info/learn/events.out.tfevents
16.8s	22	/kaggle/input/notebooks/haniboson/notebook4d1f91ef46/catboost_info/test/events.out.tfevents
27.4s	23	월평균 성장률: 0.0041 (0.41%)
27.4s	24	마지막 학습 월: 202512
27.4s	25	보정 범위: +0.4% ~ +1.2%
27.4s	26	
27.4s	27	==================================================
27.4s	28	[1/3] CatBoost 학습
27.4s	29	==================================================
28.4s	30	  Fold 1/5 → RMSE: 2,645
29.3s	31	  Fold 2/5 → RMSE: 2,275
30.1s	32	  Fold 3/5 → RMSE: 2,005
30.8s	33	  Fold 4/5 → RMSE: 2,398
31.8s	34	  Fold 5/5 → RMSE: 1,990
31.8s	35	  OOF RMSE: 2,276
31.8s	36	
31.8s	37	==================================================
31.8s	38	[2/3] LightGBM 학습
31.8s	39	==================================================
32.4s	40	  Fold 1/5 → RMSE: 2,686
32.7s	41	  Fold 2/5 → RMSE: 2,271
33.0s	42	  Fold 3/5 → RMSE: 2,178
33.4s	43	  Fold 4/5 → RMSE: 2,374
33.5s	44	  Fold 5/5 → RMSE: 1,984
33.5s	45	  OOF RMSE: 2,311
33.5s	46	
33.5s	47	==================================================
33.5s	48	[3/3] 블렌딩 + 트렌드 보정
33.5s	49	==================================================
33.5s	50	CatBoost  가중치: 60%
33.5s	51	LightGBM 가중치: 40%
33.5s	52	블렌딩 OOF RMSE: 2,247
33.5s	53	
33.5s	54	트렌드 보정 전 평균: 39,369
33.5s	55	트렌드 보정 후 평균: 39,692
33.5s	56	
33.5s	57	제출 파일 저장 완료: /kaggle/working/submission.csv
37.3s	58	/usr/local/lib/python3.12/dist-packages/mistune.py:435: SyntaxWarning: invalid escape sequence '\|'
37.3s	59	  cells[i][c] = re.sub('\\\\\|', '|', cell)
37.6s	60	/usr/local/lib/python3.12/dist-packages/nbconvert/filters/filter_links.py:36: SyntaxWarning: invalid escape sequence '\_'
37.6s	61	  text = re.sub(r'_', '\_', text) # Escape underscores in display text
38.5s	62	[NbConvertApp] Converting notebook __notebook__.ipynb to notebook
38.9s	63	[NbConvertApp] Writing 15331 bytes to __notebook__.ipynb
42.2s	64	[NbConvertApp] Converting notebook __notebook__.ipynb to html
43.3s	65	[NbConvertApp] Writing 319387 bytes to __results__.html