Time
#
Log Message
9.9s	1	0.00s - Debugger warning: It seems that frozen modules are being used, which may
9.9s	2	0.00s - make the debugger miss breakpoints. Please pass -Xfrozen_modules=off
9.9s	3	0.00s - to python to disable frozen modules.
9.9s	4	0.00s - Note: Debugging will proceed. Set PYDEVD_DISABLE_FILE_VALIDATION=1 to disable this validation.
10.7s	5	0.00s - Debugger warning: It seems that frozen modules are being used, which may
10.7s	6	0.00s - make the debugger miss breakpoints. Please pass -Xfrozen_modules=off
10.7s	7	0.00s - to python to disable frozen modules.
10.7s	8	0.00s - Note: Debugging will proceed. Set PYDEVD_DISABLE_FILE_VALIDATION=1 to disable this validation.
13.6s	9	/kaggle/input/notebooks/haniboson/notebook4d1f91ef46/__results__.html
13.6s	10	/kaggle/input/notebooks/haniboson/notebook4d1f91ef46/submission.csv
13.6s	11	/kaggle/input/notebooks/haniboson/notebook4d1f91ef46/__notebook__.ipynb
13.6s	12	/kaggle/input/notebooks/haniboson/notebook4d1f91ef46/__output__.json
13.6s	13	/kaggle/input/notebooks/haniboson/notebook4d1f91ef46/custom.css
13.6s	14	/kaggle/input/notebooks/haniboson/notebook4d1f91ef46/catboost_info/test_error.tsv
13.6s	15	/kaggle/input/notebooks/haniboson/notebook4d1f91ef46/catboost_info/learn_error.tsv
13.6s	16	/kaggle/input/notebooks/haniboson/notebook4d1f91ef46/catboost_info/catboost_training.json
13.6s	17	/kaggle/input/notebooks/haniboson/notebook4d1f91ef46/catboost_info/time_left.tsv
13.6s	18	/kaggle/input/notebooks/haniboson/notebook4d1f91ef46/catboost_info/learn/events.out.tfevents
13.6s	19	/kaggle/input/notebooks/haniboson/notebook4d1f91ef46/catboost_info/test/events.out.tfevents
13.6s	20	/kaggle/input/competitions/scu-5th-ai-competition/sample_submission.csv
13.6s	21	/kaggle/input/competitions/scu-5th-ai-competition/seoul_real_estate_test.csv
13.6s	22	/kaggle/input/competitions/scu-5th-ai-competition/seoul_real_estate_train.csv
22.8s	23	=== 구별 월성장률 ===
22.8s	24	  Nowon-gu       : +2.20%
22.8s	25	  Seongdong-gu   : +1.87%
22.8s	26	  Seocho-gu      : +1.16%
22.8s	27	  Yongsan-gu     : +0.88%
22.8s	28	  Songpa-gu      : +0.85%
22.8s	29	  Gangnam-gu     : +0.51%
22.8s	30	  Mapo-gu        : +0.43%
22.8s	31	  Eunpyeong-gu   : +0.43%
22.8s	32	
22.8s	33	보정 범위: +0.4% ~ +6.8%
22.8s	34	
22.8s	35	==================================================
22.8s	36	[1/3] CatBoost 학습
22.8s	37	==================================================
23.9s	38	  Fold 1/5 → RMSE: 2,645
24.8s	39	  Fold 2/5 → RMSE: 2,275
25.6s	40	  Fold 3/5 → RMSE: 2,005
26.4s	41	  Fold 4/5 → RMSE: 2,398
27.4s	42	  Fold 5/5 → RMSE: 1,990
27.4s	43	  OOF RMSE: 2,276
27.4s	44	
27.4s	45	==================================================
27.4s	46	[2/3] LightGBM 학습
27.4s	47	==================================================
27.9s	48	  Fold 1/5 → RMSE: 2,686
28.2s	49	  Fold 2/5 → RMSE: 2,271
28.5s	50	  Fold 3/5 → RMSE: 2,178
28.9s	51	  Fold 4/5 → RMSE: 2,374
29.0s	52	  Fold 5/5 → RMSE: 1,984
29.0s	53	  OOF RMSE: 2,311
29.0s	54	
29.0s	55	==================================================
29.0s	56	[3/3] 블렌딩 + 구별 트렌드 보정
29.0s	57	==================================================
29.0s	58	CatBoost  가중치: 60%
29.0s	59	LightGBM 가중치: 40%
29.0s	60	블렌딩 OOF RMSE: 2,247
29.0s	61	
29.0s	62	트렌드 보정 전 평균: 39,369
29.0s	63	트렌드 보정 후 평균: 40,189
29.0s	64	
29.0s	65	제출 파일 저장 완료: /kaggle/working/submission.csv
33.1s	66	/usr/local/lib/python3.12/dist-packages/mistune.py:435: SyntaxWarning: invalid escape sequence '\|'
33.1s	67	  cells[i][c] = re.sub('\\\\\|', '|', cell)
33.3s	68	/usr/local/lib/python3.12/dist-packages/nbconvert/filters/filter_links.py:36: SyntaxWarning: invalid escape sequence '\_'
33.3s	69	  text = re.sub(r'_', '\_', text) # Escape underscores in display text
34.1s	70	[NbConvertApp] Converting notebook __notebook__.ipynb to notebook
34.5s	71	[NbConvertApp] Writing 15747 bytes to __notebook__.ipynb
37.6s	72	[NbConvertApp] Converting notebook __notebook__.ipynb to html
38.7s	73	[NbConvertApp] Writing 321065 bytes to __results__.html