Time
#
Log Message
8.1s	1	0.00s - Debugger warning: It seems that frozen modules are being used, which may
8.1s	2	0.00s - make the debugger miss breakpoints. Please pass -Xfrozen_modules=off
8.1s	3	0.00s - to python to disable frozen modules.
8.1s	4	0.00s - Note: Debugging will proceed. Set PYDEVD_DISABLE_FILE_VALIDATION=1 to disable this validation.
8.9s	5	0.00s - Debugger warning: It seems that frozen modules are being used, which may
8.9s	6	0.00s - make the debugger miss breakpoints. Please pass -Xfrozen_modules=off
8.9s	7	0.00s - to python to disable frozen modules.
8.9s	8	0.00s - Note: Debugging will proceed. Set PYDEVD_DISABLE_FILE_VALIDATION=1 to disable this validation.
18.2s	9	=== 구별 보정 월성장률 (실제 데이터 반영) ===
18.2s	10	  Nowon-gu       : +4.02%
18.2s	11	  Seongdong-gu   : +3.41%
18.2s	12	  Seocho-gu      : +2.12%
18.2s	13	  Yongsan-gu     : +1.60%
18.2s	14	  Songpa-gu      : +1.55%
18.2s	15	  Gangnam-gu     : +0.94%
18.2s	16	  Mapo-gu        : +0.79%
18.2s	17	  Eunpyeong-gu   : +0.79%
18.2s	18	
18.2s	19	보정 범위: +0.8% ~ +12.5%
18.2s	20	
18.2s	21	==================================================
18.2s	22	[1/3] CatBoost 학습
18.2s	23	==================================================
19.2s	24	  Fold 1/5 → RMSE: 2,645
20.0s	25	  Fold 2/5 → RMSE: 2,275
20.8s	26	  Fold 3/5 → RMSE: 2,005
21.6s	27	  Fold 4/5 → RMSE: 2,398
22.6s	28	  Fold 5/5 → RMSE: 1,990
22.6s	29	  OOF RMSE: 2,276
22.6s	30	
22.6s	31	==================================================
22.6s	32	[2/3] LightGBM 학습
22.6s	33	==================================================
23.1s	34	  Fold 1/5 → RMSE: 2,686
23.4s	35	  Fold 2/5 → RMSE: 2,271
23.8s	36	  Fold 3/5 → RMSE: 2,178
24.1s	37	  Fold 4/5 → RMSE: 2,374
24.3s	38	  Fold 5/5 → RMSE: 1,984
24.3s	39	  OOF RMSE: 2,311
24.3s	40	
24.3s	41	==================================================
24.3s	42	[3/3] 블렌딩 + 실제 데이터 기반 트렌드 보정
24.3s	43	==================================================
24.3s	44	CatBoost  가중치: 60%
24.3s	45	LightGBM 가중치: 40%
24.3s	46	블렌딩 OOF RMSE: 2,247
24.3s	47	
24.3s	48	트렌드 보정 전 평균: 39,369
24.3s	49	트렌드 보정 후 평균: 40,875
24.3s	50	
24.3s	51	제출 파일 저장 완료: /kaggle/working/submission.csv
27.9s	52	/usr/local/lib/python3.12/dist-packages/mistune.py:435: SyntaxWarning: invalid escape sequence '\|'
27.9s	53	  cells[i][c] = re.sub('\\\\\|', '|', cell)
28.1s	54	/usr/local/lib/python3.12/dist-packages/nbconvert/filters/filter_links.py:36: SyntaxWarning: invalid escape sequence '\_'
28.1s	55	  text = re.sub(r'_', '\_', text) # Escape underscores in display text
29.0s	56	[NbConvertApp] Converting notebook __notebook__.ipynb to notebook
29.4s	57	[NbConvertApp] Writing 12805 bytes to __notebook__.ipynb
32.6s	58	[NbConvertApp] Converting notebook __notebook__.ipynb to html
33.7s	59	[NbConvertApp] Writing 318354 bytes to __results__.html