Time
#
Log Message
10.6s	1	0.00s - Debugger warning: It seems that frozen modules are being used, which may
10.6s	2	0.00s - make the debugger miss breakpoints. Please pass -Xfrozen_modules=off
10.6s	3	0.00s - to python to disable frozen modules.
10.6s	4	0.00s - Note: Debugging will proceed. Set PYDEVD_DISABLE_FILE_VALIDATION=1 to disable this validation.
11.7s	5	0.00s - Debugger warning: It seems that frozen modules are being used, which may
11.7s	6	0.00s - make the debugger miss breakpoints. Please pass -Xfrozen_modules=off
11.7s	7	0.00s - to python to disable frozen modules.
11.7s	8	0.00s - Note: Debugging will proceed. Set PYDEVD_DISABLE_FILE_VALIDATION=1 to disable this validation.
23.5s	9	=== 구별 월성장률 ===
23.5s	10	  Nowon-gu       : +2.20%
23.5s	11	  Seongdong-gu   : +1.87%
23.5s	12	  Seocho-gu      : +1.16%
23.5s	13	  Yongsan-gu     : +0.88%
23.5s	14	  Songpa-gu      : +0.85%
23.5s	15	  Gangnam-gu     : +0.51%
23.5s	16	  Mapo-gu        : +0.43%
23.5s	17	  Eunpyeong-gu   : +0.43%
23.5s	18	
23.5s	19	보정 범위: +0.4% ~ +6.8%
23.5s	20	
23.5s	21	==================================================
23.5s	22	[1/4] CatBoost 학습
23.5s	23	==================================================
26.7s	24	  Fold 1/5 → RMSE: 2,628
29.5s	25	  Fold 2/5 → RMSE: 2,286
32.9s	26	  Fold 3/5 → RMSE: 1,996
36.2s	27	  Fold 4/5 → RMSE: 2,387
39.5s	28	  Fold 5/5 → RMSE: 1,950
39.5s	29	  OOF RMSE: 2,264
39.5s	30	
39.5s	31	==================================================
39.5s	32	[2/4] LightGBM 학습
39.5s	33	==================================================
39.8s	34	  Fold 1/5 → RMSE: 2,644
40.2s	35	  Fold 2/5 → RMSE: 2,280
40.5s	36	  Fold 3/5 → RMSE: 2,091
40.8s	37	  Fold 4/5 → RMSE: 2,364
41.1s	38	  Fold 5/5 → RMSE: 2,009
41.1s	39	  OOF RMSE: 2,289
41.1s	40	
41.1s	41	==================================================
41.1s	42	[3/4] XGBoost 학습
41.1s	43	==================================================
42.8s	44	  Fold 1/5 → RMSE: 2,722
44.3s	45	  Fold 2/5 → RMSE: 2,377
45.9s	46	  Fold 3/5 → RMSE: 2,259
47.4s	47	  Fold 4/5 → RMSE: 2,402
48.7s	48	  Fold 5/5 → RMSE: 2,139
48.7s	49	  OOF RMSE: 2,388
48.7s	50	
48.7s	51	==================================================
48.7s	52	[4/4] 3모델 블렌딩 + 구별 트렌드 보정
48.7s	53	==================================================
48.7s	54	CatBoost  가중치: 55%
48.7s	55	LightGBM 가중치: 40%
48.7s	56	XGBoost  가중치: 5%
48.7s	57	블렌딩 OOF RMSE: 2,238
48.7s	58	
48.7s	59	트렌드 보정 전 평균: 39,396
48.7s	60	트렌드 보정 후 평균: 40,216
48.7s	61	
48.7s	62	제출 파일 저장 완료: /kaggle/working/submission.csv
52.8s	63	/usr/local/lib/python3.12/dist-packages/mistune.py:435: SyntaxWarning: invalid escape sequence '\|'
52.8s	64	  cells[i][c] = re.sub('\\\\\|', '|', cell)
53.1s	65	/usr/local/lib/python3.12/dist-packages/nbconvert/filters/filter_links.py:36: SyntaxWarning: invalid escape sequence '\_'
53.1s	66	  text = re.sub(r'_', '\_', text) # Escape underscores in display text
54.2s	67	[NbConvertApp] Converting notebook __notebook__.ipynb to notebook
54.6s	68	[NbConvertApp] Writing 14298 bytes to __notebook__.ipynb
58.1s	69	[NbConvertApp] Converting notebook __notebook__.ipynb to html
59.4s	70	[NbConvertApp] Writing 323657 bytes to __results__.html