Time
#
Log Message
8.0s	1	0.00s - Debugger warning: It seems that frozen modules are being used, which may
8.0s	2	0.00s - make the debugger miss breakpoints. Please pass -Xfrozen_modules=off
8.0s	3	0.00s - to python to disable frozen modules.
8.0s	4	0.00s - Note: Debugging will proceed. Set PYDEVD_DISABLE_FILE_VALIDATION=1 to disable this validation.
8.7s	5	0.00s - Debugger warning: It seems that frozen modules are being used, which may
8.7s	6	0.00s - make the debugger miss breakpoints. Please pass -Xfrozen_modules=off
8.7s	7	0.00s - to python to disable frozen modules.
8.7s	8	0.00s - Note: Debugging will proceed. Set PYDEVD_DISABLE_FILE_VALIDATION=1 to disable this validation.
18.6s	9	=== 구별 월성장률 ===
18.6s	10	  Nowon-gu       : +2.20%
18.6s	11	  Seongdong-gu   : +1.87%
18.6s	12	  Seocho-gu      : +1.16%
18.6s	13	  Yongsan-gu     : +0.88%
18.6s	14	  Songpa-gu      : +0.85%
18.6s	15	  Gangnam-gu     : +0.51%
18.6s	16	  Mapo-gu        : +0.43%
18.6s	17	  Eunpyeong-gu   : +0.43%
18.6s	18	
18.6s	19	보정 범위: +0.4% ~ +6.8%
18.6s	20	==================================================
18.6s	21	[1/3] CatBoost 학습
18.6s	22	==================================================
21.8s	23	  Fold 1/5 → RMSE: 2,628
24.5s	24	  Fold 2/5 → RMSE: 2,286
28.0s	25	  Fold 3/5 → RMSE: 1,996
31.4s	26	  Fold 4/5 → RMSE: 2,387
34.8s	27	  Fold 5/5 → RMSE: 1,950
34.8s	28	  OOF RMSE: 2,264
34.8s	29	
34.8s	30	==================================================
34.8s	31	[2/3] LightGBM 학습
34.8s	32	==================================================
35.1s	33	  Fold 1/5 → RMSE: 2,644
35.4s	34	  Fold 2/5 → RMSE: 2,280
35.7s	35	  Fold 3/5 → RMSE: 2,091
36.0s	36	  Fold 4/5 → RMSE: 2,364
36.2s	37	  Fold 5/5 → RMSE: 2,009
36.2s	38	  OOF RMSE: 2,289
36.2s	39	
36.2s	40	==================================================
36.2s	41	[3/3] Ridge 스태킹 + 구별 트렌드 보정
36.2s	42	==================================================
36.2s	43	스태킹 OOF RMSE: 2,234
36.2s	44	Ridge 계수: CB=0.6073, LGB=0.3988, 절편=-27.3
36.2s	45	
36.2s	46	트렌드 보정 전 평균: 39,593
36.2s	47	트렌드 보정 후 평균: 40,416
36.2s	48	
36.2s	49	제출 파일 저장 완료: /kaggle/working/submission.csv
39.9s	50	/usr/local/lib/python3.12/dist-packages/mistune.py:435: SyntaxWarning: invalid escape sequence '\|'
39.9s	51	  cells[i][c] = re.sub('\\\\\|', '|', cell)
40.1s	52	/usr/local/lib/python3.12/dist-packages/nbconvert/filters/filter_links.py:36: SyntaxWarning: invalid escape sequence '\_'
40.1s	53	  text = re.sub(r'_', '\_', text) # Escape underscores in display text
41.0s	54	[NbConvertApp] Converting notebook __notebook__.ipynb to notebook
41.4s	55	[NbConvertApp] Writing 12228 bytes to __notebook__.ipynb
44.5s	56	[NbConvertApp] Converting notebook __notebook__.ipynb to html
45.6s	57	[NbConvertApp] Writing 318887 bytes to __results__.html