Time
#
Log Message
9.2s	1	0.00s - Debugger warning: It seems that frozen modules are being used, which may
9.2s	2	0.00s - make the debugger miss breakpoints. Please pass -Xfrozen_modules=off
9.2s	3	0.00s - to python to disable frozen modules.
9.2s	4	0.00s - Note: Debugging will proceed. Set PYDEVD_DISABLE_FILE_VALIDATION=1 to disable this validation.
10.0s	5	0.00s - Debugger warning: It seems that frozen modules are being used, which may
10.0s	6	0.00s - make the debugger miss breakpoints. Please pass -Xfrozen_modules=off
10.0s	7	0.00s - to python to disable frozen modules.
10.0s	8	0.00s - Note: Debugging will proceed. Set PYDEVD_DISABLE_FILE_VALIDATION=1 to disable this validation.
20.7s	9	=== 구별 월성장률 (EWM) ===
20.7s	10	  Seongdong-gu   : +7.46%
20.7s	11	  Nowon-gu       : +4.24%
20.7s	12	  Yongsan-gu     : +3.61%
20.7s	13	  Seocho-gu      : +2.20%
20.7s	14	  Songpa-gu      : +0.48%
20.7s	15	  Gangnam-gu     : -0.32%
20.7s	16	  Mapo-gu        : -0.52%
20.7s	17	  Eunpyeong-gu   : -0.72%
20.7s	18	
20.7s	19	보정 범위: +-2.2% ~ +24.1%
20.7s	20	==================================================
20.7s	21	[1/3] CatBoost 학습
20.7s	22	==================================================
23.7s	23	  Fold 1/5 → RMSE: 2,628
26.3s	24	  Fold 2/5 → RMSE: 2,286
29.6s	25	  Fold 3/5 → RMSE: 1,996
32.7s	26	  Fold 4/5 → RMSE: 2,387
36.0s	27	  Fold 5/5 → RMSE: 1,950
36.0s	28	  OOF RMSE: 2,264
36.0s	29	
36.0s	30	==================================================
36.0s	31	[2/3] LightGBM 학습
36.0s	32	==================================================
36.3s	33	  Fold 1/5 → RMSE: 2,644
36.6s	34	  Fold 2/5 → RMSE: 2,280
36.9s	35	  Fold 3/5 → RMSE: 2,091
37.2s	36	  Fold 4/5 → RMSE: 2,364
37.3s	37	  Fold 5/5 → RMSE: 2,009
37.3s	38	  OOF RMSE: 2,289
37.3s	39	
37.3s	40	==================================================
37.3s	41	[3/3] Ridge 스태킹 + 구별 EWM 트렌드 보정
37.3s	42	==================================================
37.3s	43	스태킹 OOF RMSE: 2,234
37.3s	44	Ridge 계수: CB=0.6073, LGB=0.3988, 절편=-27.3
37.3s	45	
37.3s	46	트렌드 보정 전 평균: 39,593
37.3s	47	트렌드 보정 후 평균: 41,297
37.3s	48	
37.3s	49	제출 파일 저장 완료: /kaggle/working/submission.csv
41.2s	50	/usr/local/lib/python3.12/dist-packages/mistune.py:435: SyntaxWarning: invalid escape sequence '\|'
41.2s	51	  cells[i][c] = re.sub('\\\\\|', '|', cell)
41.4s	52	/usr/local/lib/python3.12/dist-packages/nbconvert/filters/filter_links.py:36: SyntaxWarning: invalid escape sequence '\_'
41.4s	53	  text = re.sub(r'_', '\_', text) # Escape underscores in display text
42.2s	54	[NbConvertApp] Converting notebook __notebook__.ipynb to notebook
42.6s	55	[NbConvertApp] Writing 12548 bytes to __notebook__.ipynb
45.7s	56	[NbConvertApp] Converting notebook __notebook__.ipynb to html
46.7s	57	[NbConvertApp] Writing 320340 bytes to __results__.html