전략95 (2026-07-04, 슬롯5) — s92-base + 역산 라벨 3건 오버라이드 (재학습 없음)
기준: 전략92 Public 2,002.93855 (s92-base 데이터셋, 지문 검증 통과)

교체 내역:
  TR_1822: 15,760.4 → 13,326 (Δ −2,434.4, Probe D 역산)
  TR_1936: 33,252.0 → 33,861 (Δ +609.0, Probe E 역산)
  TR_1206: 66,028.3 → 63,983 (Δ −2,045.3, Probe F 역산)

사전 기대: 1,998.00 (MSE −19,738)
제출 점수: **1,998.00537** — 예측 오차 0.005 (라벨 ±1 반올림 수준, 방법론 완전 검증)

새 최고점: 2,002.94 → 1,998.01 (−4.93점, 2,000 돌파)
오늘(07-04) 5슬롯 요약:
  1. 전략94 트렌드 교체: 2,021.70 실패 (+18.8) — OOT 4번째 배신, 트렌드 축 종료
  2. Probe E (TR_1936): T=33,861 정상 확정
  3. Probe B2 (B그룹): 0건 확정 → 테스트 이상치 전체 0건 종결
  4. Probe F (TR_1206): T=63,983
  5. 전략95 통합: 1,998.01 ✓

리더보드 (07-04): 1위 0.0 / 2위 1,950.85(57제출) / 3위 1,960.52(29) / 4위 1,973.60(49)
/ 5위 1,989.77(34, 신규 SeongJun Joo92) / 6위 1,998.01(우리, 62제출)
— 2~3위 하락 페이스가 라벨 추출과 일치. 남은 기간은 추출 슬롯 효율 경쟁.

다음 추출 우선순위 (P̂ 내림차순 + NaN 행 가중, s92-base 근사):
  TR_0218(59.3k, NaN — TR_1822처럼 모델오차 클 가능성, 기대 최대)
  TR_1421(65.9k) / TR_0157(65.1k) / TR_0526(63.2k) / TR_2407(63.0k)
  TR_0891(53.1k, NaN) / TR_2177(47.6k, NaN, B그룹 +3.1% 과소예측 힌트)
